0.340567 0.057643 0
0.314901 0.0718434 0
0.326687 0.0183563 0
0.479007 0.201266 0
0.586545 0.239229 0
0.427737 0.305145 0
0.865583 0.601095 0
0.891047 0.532762 0
0.898828 0.678024 0
0.467485 0.0623303 0
0.627887 0.0312499 0
0.564449 0.186665 0
0.740994 0.158658 0
0.708085 0.23036 0
0.629192 0.186941 0
0.939935 0.0185702 0
0.834436 0.0260219 0
0.984683 0.00045025 0
0.105553 0.844772 0
0.0933449 0.782188 0
0.150607 0.719025 0
0.739278 0.588772 0
0.596686 0.569528 0
0.733096 0.320391 0
0.958417 0.774402 0
0.891047 0.532762 0
0.984683 0.00045025 0
0.162955 0.16136 0
0.260052 0.289663 0
0.0613876 0.35228 0
0.798808 0.219213 0
0.887833 0.290213 0
0.733096 0.320391 0
0.984683 0.00045025 0
0.891047 0.532762 0
0.887833 0.290213 0
0.245108 0.189726 0
0.217147 0.1704 0
0.257631 0.115944 0
0.326687 0.0183563 0
0.0176933 0.000733762 0
0.720441 0.0100555 0
0.162955 0.16136 0
0.0613876 0.35228 0
0.0761163 0.15193 0
0.153494 0.602863 0
0.184801 0.671439 0
0.0741254 0.672314 0
0.532845 0.587124 0
0.596686 0.569528 0
0.544823 0.663842 0
0.249433 0.365898 0
0.228807 0.417946 0
0.0729809 0.381731 0
0.958417 0.774402 0
0.816569 0.774677 0
0.829203 0.7084 0
0.802388 0.556839 0
0.739278 0.588772 0
0.733096 0.320391 0
0.629192 0.186941 0
0.668971 0.117137 0
0.740994 0.158658 0
0.673863 0.081901 0
0.720441 0.0100555 0
0.813311 0.058999 0
0.564449 0.186665 0
0.627887 0.0312499 0
0.668971 0.117137 0
0.414181 0.0223347 0
0.720441 0.0100555 0
0.627887 0.0312499 0
0.25808 0.0742218 0
0.177971 0.0972217 0
0.0666126 0.00753292 0
0.708085 0.23036 0
0.758461 0.235308 0
0.733096 0.320391 0
0.887833 0.290213 0
0.891047 0.532762 0
0.733096 0.320391 0
0.414181 0.0223347 0
0.326687 0.0183563 0
0.720441 0.0100555 0
0.319283 0.139891 0
0.467485 0.0623303 0
0.479007 0.201266 0
0.260521 0.407187 0
0.249433 0.365898 0
0.280057 0.379894 0
0.735041 0.610961 0
0.712868 0.641622 0
0.643742 0.623889 0
0.474053 0.738682 0
0.485285 0.619461 0
0.544823 0.663842 0
0.624068 0.849391 0
0.608193 0.936947 0
0.598422 0.810059 0
0.245496 0.618372 0
0.153494 0.602863 0
0.173364 0.499355 0
0.406439 0.829084 0
0.331193 0.78544 0
0.384165 0.737941 0
0.631252 0.775813 0
0.544823 0.663842 0
0.643742 0.623889 0
0.260521 0.407187 0
0.280057 0.379894 0
0.290385 0.413946 0
0.150607 0.719025 0
0.0933449 0.782188 0
0.0741254 0.672314 0
0.598422 0.810059 0
0.51582 0.972216 0
0.45705 0.777898 0
0.363036 0.681315 0
0.297573 0.62705 0
0.485285 0.619461 0
0.297573 0.62705 0
0.305091 0.642007 0
0.245496 0.618372 0
0.331193 0.78544 0
0.405319 0.940871 0
0.29727 0.779319 0
0.0761163 0.15193 0
0.0666126 0.00753292 0
0.177971 0.0972217 0
0.0729809 0.381731 0
0.129111 0.494605 0
0.0385339 0.521832 0
0.629192 0.186941 0
0.564449 0.186665 0
0.668971 0.117137 0
0.479007 0.201266 0
0.294822 0.184996 0
0.319283 0.139891 0
0.733096 0.320391 0
0.543825 0.489326 0
0.507436 0.392265 0
0.479007 0.201266 0
0.318674 0.283467 0
0.294822 0.184996 0
0.474053 0.738682 0
0.363036 0.681315 0
0.485285 0.619461 0
0.305091 0.642007 0
0.29727 0.779319 0
0.184801 0.671439 0
0.821026 0.620574 0
0.829203 0.7084 0
0.712868 0.641622 0
0.631252 0.775813 0
0.598422 0.810059 0
0.560183 0.769218 0
0.314901 0.0718434 0
0.257631 0.115944 0
0.25808 0.0742218 0
0.297573 0.159962 0
0.245108 0.189726 0
0.257631 0.115944 0
0.720441 0.0100555 0
0.0176933 0.000733762 0
0.984683 0.00045025 0
0.0666126 0.00753292 0
0.0761163 0.15193 0
0.0176933 0.000733762 0
0.798808 0.219213 0
0.740994 0.158658 0
0.813311 0.058999 0
0.668971 0.117137 0
0.673863 0.081901 0
0.740994 0.158658 0
0.427737 0.305145 0
0.434186 0.367236 0
0.318674 0.283467 0
0.733096 0.320391 0
0.891047 0.532762 0
0.802388 0.556839 0
0.887833 0.290213 0
0.885057 0.0700306 0
0.984683 0.00045025 0
0.885057 0.0700306 0
0.813311 0.058999 0
0.834436 0.0260219 0
0.257631 0.115944 0
0.217147 0.1704 0
0.177971 0.0972217 0
0.245108 0.189726 0
0.260052 0.289663 0
0.217147 0.1704 0
0.363036 0.681315 0
0.305091 0.642007 0
0.297573 0.62705 0
0.363036 0.681315 0
0.29727 0.779319 0
0.305091 0.642007 0
0.958417 0.774402 0
0.898828 0.678024 0
0.891047 0.532762 0
0.958417 0.774402 0
0.829203 0.7084 0
0.898828 0.678024 0
0.682035 0.265491 0
0.733096 0.320391 0
0.507436 0.392265 0
0.485285 0.619461 0
0.297573 0.62705 0
0.409531 0.414093 0
0.745616 0.90195 0
0.665934 0.912434 0
0.624068 0.849391 0
0.624068 0.849391 0
0.718876 0.754661 0
0.745616 0.90195 0
0.294822 0.184996 0
0.245108 0.189726 0
0.297573 0.159962 0
0.260052 0.289663 0
0.249433 0.365898 0
0.0613876 0.35228 0
0.326687 0.0183563 0
0.25808 0.0742218 0
0.0666126 0.00753292 0
0.257631 0.115944 0
0.177971 0.0972217 0
0.25808 0.0742218 0
0.897835 0.992361 0
0.816569 0.774677 0
0.958417 0.774402 0
0.305091 0.642007 0
0.184801 0.671439 0
0.245496 0.618372 0
0.153494 0.602863 0
0.0385339 0.521832 0
0.129111 0.494605 0
0.257631 0.115944 0
0.319283 0.139891 0
0.297573 0.159962 0
0.340567 0.057643 0
0.467485 0.0623303 0
0.319283 0.139891 0
0.813311 0.058999 0
0.885057 0.0700306 0
0.798808 0.219213 0
0.939935 0.0185702 0
0.984683 0.00045025 0
0.885057 0.0700306 0
0.0176933 0.000733762 0
0.0613876 0.35228 0
0.0385339 0.521832 0
0.673863 0.081901 0
0.813311 0.058999 0
0.740994 0.158658 0
0.834436 0.0260219 0
0.939935 0.0185702 0
0.885057 0.0700306 0
0.733096 0.320391 0
0.758461 0.235308 0
0.798808 0.219213 0
0.733096 0.320391 0
0.682035 0.265491 0
0.708085 0.23036 0
0.467485 0.0623303 0
0.340567 0.057643 0
0.414181 0.0223347 0
0.314901 0.0718434 0
0.25808 0.0742218 0
0.326687 0.0183563 0
0.821026 0.620574 0
0.739278 0.588772 0
0.802388 0.556839 0
0.643742 0.623889 0
0.718876 0.754661 0
0.631252 0.775813 0
0.162955 0.16136 0
0.0761163 0.15193 0
0.177971 0.0972217 0
0.0613876 0.35228 0
0.0176933 0.000733762 0
0.0761163 0.15193 0
0.0385339 0.521832 0
0.0741254 0.672314 0
0.0839751 0.907727 0
0.0839751 0.907727 0
0.105553 0.844772 0
0.29727 0.779319 0
0.0839751 0.907727 0
0.0933449 0.782188 0
0.105553 0.844772 0
0.627887 0.0312499 0
0.673863 0.081901 0
0.668971 0.117137 0
0.627887 0.0312499 0
0.720441 0.0100555 0
0.673863 0.081901 0
0.891047 0.532762 0
0.865583 0.601095 0
0.802388 0.556839 0
0.898828 0.678024 0
0.829203 0.7084 0
0.821026 0.620574 0
0.821026 0.620574 0
0.735041 0.610961 0
0.739278 0.588772 0
0.829203 0.7084 0
0.816569 0.774677 0
0.718876 0.754661 0
0.434186 0.367236 0
0.280057 0.379894 0
0.318674 0.283467 0
0.173364 0.499355 0
0.228807 0.417946 0
0.290385 0.413946 0
0.319283 0.139891 0
0.294822 0.184996 0
0.297573 0.159962 0
0.318674 0.283467 0
0.260052 0.289663 0
0.294822 0.184996 0
0.643742 0.623889 0
0.712868 0.641622 0
0.718876 0.754661 0
0.735041 0.610961 0
0.821026 0.620574 0
0.712868 0.641622 0
0.728191 0.984657 0
0.51582 0.972216 0
0.608193 0.936947 0
0.0839751 0.907727 0
0.29727 0.779319 0
0.405319 0.940871 0
0.0613876 0.35228 0
0.0729809 0.381731 0
0.0385339 0.521832 0
0.0613876 0.35228 0
0.249433 0.365898 0
0.0729809 0.381731 0
0.384165 0.737941 0
0.363036 0.681315 0
0.474053 0.738682 0
0.331193 0.78544 0
0.29727 0.779319 0
0.363036 0.681315 0
0.728191 0.984657 0
0.665934 0.912434 0
0.745616 0.90195 0
0.586545 0.239229 0
0.629192 0.186941 0
0.682035 0.265491 0
0.740994 0.158658 0
0.758461 0.235308 0
0.708085 0.23036 0
0.479007 0.201266 0
0.467485 0.0623303 0
0.564449 0.186665 0
0.414181 0.0223347 0
0.627887 0.0312499 0
0.467485 0.0623303 0
0.260052 0.289663 0
0.280057 0.379894 0
0.249433 0.365898 0
0.290385 0.413946 0
0.297573 0.62705 0
0.245496 0.618372 0
0.319283 0.139891 0
0.314901 0.0718434 0
0.340567 0.057643 0
0.319283 0.139891 0
0.257631 0.115944 0
0.314901 0.0718434 0
0.409531 0.414093 0
0.290385 0.413946 0
0.280057 0.379894 0
0.409531 0.414093 0
0.297573 0.62705 0
0.290385 0.413946 0
0.720441 0.0100555 0
0.834436 0.0260219 0
0.813311 0.058999 0
0.720441 0.0100555 0
0.984683 0.00045025 0
0.834436 0.0260219 0
0.294822 0.184996 0
0.260052 0.289663 0
0.245108 0.189726 0
0.318674 0.283467 0
0.280057 0.379894 0
0.260052 0.289663 0
0.631252 0.775813 0
0.624068 0.849391 0
0.598422 0.810059 0
0.665934 0.912434 0
0.608193 0.936947 0
0.624068 0.849391 0
0.740994 0.158658 0
0.798808 0.219213 0
0.758461 0.235308 0
0.885057 0.0700306 0
0.887833 0.290213 0
0.798808 0.219213 0
0.735041 0.610961 0
0.643742 0.623889 0
0.739278 0.588772 0
0.485285 0.619461 0
0.409531 0.414093 0
0.543825 0.489326 0
0.821026 0.620574 0
0.865583 0.601095 0
0.898828 0.678024 0
0.821026 0.620574 0
0.802388 0.556839 0
0.865583 0.601095 0
0.897835 0.992361 0
0.745616 0.90195 0
0.816569 0.774677 0
0.897835 0.992361 0
0.728191 0.984657 0
0.745616 0.90195 0
0.217147 0.1704 0
0.162955 0.16136 0
0.177971 0.0972217 0
0.217147 0.1704 0
0.260052 0.289663 0
0.162955 0.16136 0
0.150607 0.719025 0
0.0741254 0.672314 0
0.184801 0.671439 0
0.0933449 0.782188 0
0.0839751 0.907727 0
0.0741254 0.672314 0
0.245496 0.618372 0
0.173364 0.499355 0
0.290385 0.413946 0
0.228807 0.417946 0
0.249433 0.365898 0
0.260521 0.407187 0
0.608193 0.936947 0
0.51582 0.972216 0
0.598422 0.810059 0
0.474053 0.738682 0
0.544823 0.663842 0
0.560183 0.769218 0
0.682035 0.265491 0
0.507436 0.392265 0
0.586545 0.239229 0
0.543825 0.489326 0
0.409531 0.414093 0
0.507436 0.392265 0
0.184801 0.671439 0
0.153494 0.602863 0
0.245496 0.618372 0
0.129111 0.494605 0
0.0729809 0.381731 0
0.228807 0.417946 0
0.596686 0.569528 0
0.643742 0.623889 0
0.544823 0.663842 0
0.596686 0.569528 0
0.739278 0.588772 0
0.643742 0.623889 0
0.45705 0.777898 0
0.406439 0.829084 0
0.384165 0.737941 0
0.405319 0.940871 0
0.331193 0.78544 0
0.406439 0.829084 0
0.682035 0.265491 0
0.629192 0.186941 0
0.708085 0.23036 0
0.586545 0.239229 0
0.564449 0.186665 0
0.629192 0.186941 0
0.728191 0.984657 0
0.608193 0.936947 0
0.665934 0.912434 0
0.51582 0.972216 0
0.406439 0.829084 0
0.45705 0.777898 0
0.829203 0.7084 0
0.718876 0.754661 0
0.712868 0.641622 0
0.816569 0.774677 0
0.745616 0.90195 0
0.718876 0.754661 0
0.544823 0.663842 0
0.631252 0.775813 0
0.560183 0.769218 0
0.718876 0.754661 0
0.624068 0.849391 0
0.631252 0.775813 0
0.45705 0.777898 0
0.384165 0.737941 0
0.474053 0.738682 0
0.331193 0.78544 0
0.363036 0.681315 0
0.384165 0.737941 0
0.340567 0.057643 0
0.326687 0.0183563 0
0.414181 0.0223347 0
0.0666126 0.00753292 0
0.0176933 0.000733762 0
0.326687 0.0183563 0
0.51582 0.972216 0
0.405319 0.940871 0
0.406439 0.829084 0
0.485285 0.619461 0
0.532845 0.587124 0
0.544823 0.663842 0
0.543825 0.489326 0
0.733096 0.320391 0
0.596686 0.569528 0
0.405226 0.949933 0
0.405319 0.940871 0
0.51582 0.972216 0
0.29727 0.779319 0
0.150607 0.719025 0
0.184801 0.671439 0
0.29727 0.779319 0
0.105553 0.844772 0
0.150607 0.719025 0
0.543825 0.489326 0
0.532845 0.587124 0
0.485285 0.619461 0
0.543825 0.489326 0
0.596686 0.569528 0
0.532845 0.587124 0
0.290385 0.413946 0
0.228807 0.417946 0
0.260521 0.407187 0
0.173364 0.499355 0
0.129111 0.494605 0
0.228807 0.417946 0
0.507436 0.392265 0
0.427737 0.305145 0
0.586545 0.239229 0
0.434186 0.367236 0
0.409531 0.414093 0
0.280057 0.379894 0
0.507436 0.392265 0
0.434186 0.367236 0
0.427737 0.305145 0
0.507436 0.392265 0
0.409531 0.414093 0
0.434186 0.367236 0
0.560183 0.769218 0
0.45705 0.777898 0
0.474053 0.738682 0
0.560183 0.769218 0
0.598422 0.810059 0
0.45705 0.777898 0
0.0839751 0.907727 0
0.405226 0.949933 0
0.51582 0.972216 0
0.0839751 0.907727 0
0.405319 0.940871 0
0.405226 0.949933 0
0.0385339 0.521832 0
0.153494 0.602863 0
0.0741254 0.672314 0
0.129111 0.494605 0
0.173364 0.499355 0
0.153494 0.602863 0
0.586545 0.239229 0
0.479007 0.201266 0
0.564449 0.186665 0
0.427737 0.305145 0
0.318674 0.283467 0
0.479007 0.201266 0
